This file contains any messages produced by compilers while
running configure, to aid debugging if configure makes a mistake.

It was created by libprom libpromhttp configure 1.0.0, which was
generated by GNU Autoconf 2.69.  Invocation command line was

  $ ./configure --prefix=/home/genew/libprom_client_c/build --no-create --no-recursion

## --------- ##
## Platform. ##
## --------- ##

hostname = ubuntu
uname -m = x86_64
uname -r = 4.15.0-213-generic
uname -s = Linux
uname -v = #224-Ubuntu SMP Mon Jun 19 13:30:12 UTC 2023

/usr/bin/uname -p = unknown
/bin/uname -X     = unknown

/bin/arch              = unknown
/usr/bin/arch -k       = unknown
/usr/convex/getsysinfo = unknown
/usr/bin/hostinfo      = unknown
/bin/machine           = unknown
/usr/bin/oslevel       = unknown
/bin/universe          = unknown

PATH: /usr/local/sbin
PATH: /usr/local/bin
PATH: /usr/sbin
PATH: /usr/bin
PATH: /sbin
PATH: /bin
PATH: /usr/games
PATH: /usr/local/games
PATH: /snap/bin


## ----------- ##
## Core tests. ##
## ----------- ##

configure:2518: checking for a BSD-compatible install
configure:2586: result: /usr/bin/install -c
configure:2597: checking whether build environment is sane
configure:2652: result: yes
configure:2803: checking for a thread-safe mkdir -p
configure:2842: result: /bin/mkdir -p
configure:2849: checking for gawk
configure:2879: result: no
configure:2849: checking for mawk
configure:2865: found /usr/bin/mawk
configure:2876: result: mawk
configure:2887: checking whether make sets $(MAKE)
configure:2909: result: yes
configure:2938: checking whether make supports nested variables
configure:2955: result: yes
configure:3095: checking for gawk
configure:3122: result: mawk
configure:3181: checking for gcc
configure:3197: found /usr/bin/gcc
configure:3208: result: gcc
configure:3437: checking for C compiler version
configure:3446: gcc --version >&5
gcc (Ubuntu 7.5.0-3ubuntu1~18.04) 7.5.0
Copyright (C) 2017 Free Software Foundation, Inc.
This is free software; see the source for copying conditions.  There is NO
warranty; not even for MERCHANTABILITY or FITNESS FOR A PARTICULAR PURPOSE.

configure:3457: $? = 0
configure:3446: gcc -v >&5
Using built-in specs.
COLLECT_GCC=gcc
COLLECT_LTO_WRAPPER=/usr/lib/gcc/x86_64-linux-gnu/7/lto-wrapper
OFFLOAD_TARGET_NAMES=nvptx-none
OFFLOAD_TARGET_DEFAULT=1
Target: x86_64-linux-gnu
Configured with: ../src/configure -v --with-pkgversion='Ubuntu 7.5.0-3ubuntu1~18.04' --with-bugurl=file:///usr/share/doc/gcc-7/README.Bugs --enable-languages=c,ada,c++,go,brig,d,fortran,objc,obj-c++ --prefix=/usr --with-gcc-major-version-only --program-suffix=-7 --program-prefix=x86_64-linux-gnu- --enable-shared --enable-linker-build-id --libexecdir=/usr/lib --without-included-gettext --enable-threads=posix --libdir=/usr/lib --enable-nls --enable-bootstrap --enable-clocale=gnu --enable-libstdcxx-debug --enable-libstdcxx-time=yes --with-default-libstdcxx-abi=new --enable-gnu-unique-object --disable-vtable-verify --enable-libmpx --enable-plugin --enable-default-pie --with-system-zlib --with-target-system-zlib --enable-objc-gc=auto --enable-multiarch --disable-werror --with-arch-32=i686 --with-abi=m64 --with-multilib-list=m32,m64,mx32 --enable-multilib --with-tune=generic --enable-offload-targets=nvptx-none --without-cuda-driver --enable-checking=release --build=x86_64-linux-gnu --host=x86_64-linux-gnu --target=x86_64-linux-gnu
Thread model: posix
gcc version 7.5.0 (Ubuntu 7.5.0-3ubuntu1~18.04) 
configure:3457: $? = 0
configure:3446: gcc -V >&5
gcc: error: unrecognized command line option '-V'
gcc: fatal error: no input files
compilation terminated.
configure:3457: $? = 1
configure:3446: gcc -qversion >&5
gcc: error: unrecognized command line option '-qversion'; did you mean '--version'?
gcc: fatal error: no input files
compilation terminated.
configure:3457: $? = 1
configure:3477: checking whether the C compiler works
configure:3499: gcc    conftest.c  >&5
configure:3503: $? = 0
configure:3551: result: yes
configure:3554: checking for C compiler default output file name
configure:3556: result: a.out
configure:3562: checking for suffix of executables
configure:3569: gcc -o conftest    conftest.c  >&5
configure:3573: $? = 0
configure:3595: result: 
configure:3617: checking whether we are cross compiling
configure:3625: gcc -o conftest    conftest.c  >&5
configure:3629: $? = 0
configure:3636: ./conftest
configure:3640: $? = 0
configure:3655: result: no
configure:3660: checking for suffix of object files
configure:3682: gcc -c   conftest.c >&5
configure:3686: $? = 0
configure:3707: result: o
configure:3711: checking whether we are using the GNU C compiler
configure:3730: gcc -c   conftest.c >&5
configure:3730: $? = 0
configure:3739: result: yes
configure:3748: checking whether gcc accepts -g
configure:3768: gcc -c -g  conftest.c >&5
configure:3768: $? = 0
configure:3809: result: yes
configure:3826: checking for gcc option to accept ISO C89
configure:3889: gcc  -c -g -O2  conftest.c >&5
configure:3889: $? = 0
configure:3902: result: none needed
configure:3927: checking whether gcc understands -c and -o together
configure:3949: gcc -c conftest.c -o conftest2.o
configure:3952: $? = 0
configure:3949: gcc -c conftest.c -o conftest2.o
configure:3952: $? = 0
configure:3964: result: yes
configure:3992: checking for style of include used by make
configure:4020: result: GNU
configure:4046: checking dependency style of gcc
configure:4157: result: gcc3
configure:4230: checking for g++
configure:4246: found /usr/bin/g++
configure:4257: result: g++
configure:4284: checking for C++ compiler version
configure:4293: g++ --version >&5
g++ (Ubuntu 7.5.0-3ubuntu1~18.04) 7.5.0
Copyright (C) 2017 Free Software Foundation, Inc.
This is free software; see the source for copying conditions.  There is NO
warranty; not even for MERCHANTABILITY or FITNESS FOR A PARTICULAR PURPOSE.

configure:4304: $? = 0
configure:4293: g++ -v >&5
Using built-in specs.
COLLECT_GCC=g++
COLLECT_LTO_WRAPPER=/usr/lib/gcc/x86_64-linux-gnu/7/lto-wrapper
OFFLOAD_TARGET_NAMES=nvptx-none
OFFLOAD_TARGET_DEFAULT=1
Target: x86_64-linux-gnu
Configured with: ../src/configure -v --with-pkgversion='Ubuntu 7.5.0-3ubuntu1~18.04' --with-bugurl=file:///usr/share/doc/gcc-7/README.Bugs --enable-languages=c,ada,c++,go,brig,d,fortran,objc,obj-c++ --prefix=/usr --with-gcc-major-version-only --program-suffix=-7 --program-prefix=x86_64-linux-gnu- --enable-shared --enable-linker-build-id --libexecdir=/usr/lib --without-included-gettext --enable-threads=posix --libdir=/usr/lib --enable-nls --enable-bootstrap --enable-clocale=gnu --enable-libstdcxx-debug --enable-libstdcxx-time=yes --with-default-libstdcxx-abi=new --enable-gnu-unique-object --disable-vtable-verify --enable-libmpx --enable-plugin --enable-default-pie --with-system-zlib --with-target-system-zlib --enable-objc-gc=auto --enable-multiarch --disable-werror --with-arch-32=i686 --with-abi=m64 --with-multilib-list=m32,m64,mx32 --enable-multilib --with-tune=generic --enable-offload-targets=nvptx-none --without-cuda-driver --enable-checking=release --build=x86_64-linux-gnu --host=x86_64-linux-gnu --target=x86_64-linux-gnu
Thread model: posix
gcc version 7.5.0 (Ubuntu 7.5.0-3ubuntu1~18.04) 
configure:4304: $? = 0
configure:4293: g++ -V >&5
g++: error: unrecognized command line option '-V'
g++: fatal error: no input files
compilation terminated.
configure:4304: $? = 1
configure:4293: g++ -qversion >&5
g++: error: unrecognized command line option '-qversion'; did you mean '--version'?
g++: fatal error: no input files
compilation terminated.
configure:4304: $? = 1
configure:4308: checking whether we are using the GNU C++ compiler
configure:4327: g++ -c   conftest.cpp >&5
configure:4327: $? = 0
configure:4336: result: yes
configure:4345: checking whether g++ accepts -g
configure:4365: g++ -c -g  conftest.cpp >&5
configure:4365: $? = 0
configure:4406: result: yes
configure:4431: checking dependency style of g++
configure:4542: result: gcc3
configure:4607: checking for ar
configure:4623: found /usr/bin/ar
configure:4634: result: ar
configure:4660: checking the archiver (ar) interface
configure:4676: gcc -c -g -O2  conftest.c >&5
configure:4676: $? = 0
configure:4678: ar cru libconftest.a conftest.o >&5
ar: `u' modifier ignored since `D' is the default (see `U')
configure:4681: $? = 0
configure:4709: result: ar
configure:4760: checking build system type
configure:4774: result: x86_64-pc-linux-gnu
configure:4794: checking host system type
configure:4807: result: x86_64-pc-linux-gnu
configure:4848: checking how to print strings
configure:4875: result: printf
configure:4896: checking for a sed that does not truncate output
configure:4960: result: /bin/sed
configure:4978: checking for grep that handles long lines and -e
configure:5036: result: /bin/grep
configure:5041: checking for egrep
configure:5103: result: /bin/grep -E
configure:5108: checking for fgrep
configure:5170: result: /bin/grep -F
configure:5205: checking for ld used by gcc
configure:5272: result: /usr/bin/ld
configure:5279: checking if the linker (/usr/bin/ld) is GNU ld
configure:5294: result: yes
configure:5306: checking for BSD- or MS-compatible name lister (nm)
configure:5360: result: /usr/bin/nm -B
configure:5490: checking the name lister (/usr/bin/nm -B) interface
configure:5497: gcc -c -g -O2  conftest.c >&5
configure:5500: /usr/bin/nm -B "conftest.o"
configure:5503: output
0000000000000000 B some_variable
configure:5510: result: BSD nm
configure:5513: checking whether ln -s works
configure:5517: result: yes
configure:5525: checking the maximum length of command line arguments
configure:5656: result: 1572864
configure:5704: checking how to convert x86_64-pc-linux-gnu file names to x86_64-pc-linux-gnu format
configure:5744: result: func_convert_file_noop
configure:5751: checking how to convert x86_64-pc-linux-gnu file names to toolchain format
configure:5771: result: func_convert_file_noop
configure:5778: checking for /usr/bin/ld option to reload object files
configure:5785: result: -r
configure:5859: checking for objdump
configure:5875: found /usr/bin/objdump
configure:5886: result: objdump
configure:5918: checking how to recognize dependent libraries
configure:6118: result: pass_all
configure:6203: checking for dlltool
configure:6233: result: no
configure:6263: checking how to associate runtime and link libraries
configure:6290: result: printf %s\n
configure:6414: checking for archiver @FILE support
configure:6431: gcc -c -g -O2  conftest.c >&5
configure:6431: $? = 0
configure:6434: ar cru libconftest.a @conftest.lst >&5
ar: `u' modifier ignored since `D' is the default (see `U')
configure:6437: $? = 0
configure:6442: ar cru libconftest.a @conftest.lst >&5
ar: `u' modifier ignored since `D' is the default (see `U')
ar: conftest.o: No such file or directory
configure:6445: $? = 1
configure:6457: result: @
configure:6515: checking for strip
configure:6531: found /usr/bin/strip
configure:6542: result: strip
configure:6614: checking for ranlib
configure:6630: found /usr/bin/ranlib
configure:6641: result: ranlib
configure:6743: checking command to parse /usr/bin/nm -B output from gcc object
configure:6896: gcc -c -g -O2  conftest.c >&5
configure:6899: $? = 0
configure:6903: /usr/bin/nm -B conftest.o \| sed -n -e 's/^.*[ ]\([ABCDGIRSTW][ABCDGIRSTW]*\)[ ][ ]*\([_A-Za-z][_A-Za-z0-9]*\)$/\1 \2 \2/p' | sed '/ __gnu_lto/d' \> conftest.nm
configure:6906: $? = 0
configure:6972: gcc -o conftest -g -O2   conftest.c conftstm.o >&5
configure:6975: $? = 0
configure:7013: result: ok
configure:7060: checking for sysroot
configure:7090: result: no
configure:7097: checking for a working dd
configure:7135: result: /bin/dd
configure:7139: checking how to truncate binary pipes
configure:7154: result: /bin/dd bs=4096 count=1
configure:7290: gcc -c -g -O2  conftest.c >&5
configure:7293: $? = 0
configure:7483: checking for mt
configure:7499: found /bin/mt
configure:7510: result: mt
configure:7533: checking if mt is a manifest tool
configure:7539: mt '-?'
configure:7547: result: no
configure:8224: checking how to run the C preprocessor
configure:8255: gcc -E  conftest.c
configure:8255: $? = 0
configure:8269: gcc -E  conftest.c
conftest.c:11:10: fatal error: ac_nonexistent.h: No such file or directory
 #include <ac_nonexistent.h>
          ^~~~~~~~~~~~~~~~~~
compilation terminated.
configure:8269: $? = 1
configure: failed program was:
| /* confdefs.h */
| #define PACKAGE_NAME "libprom libpromhttp"
| #define PACKAGE_TARNAME "libprom-libpromhttp"
| #define PACKAGE_VERSION "1.0.0"
| #define PACKAGE_STRING "libprom libpromhttp 1.0.0"
| #define PACKAGE_BUGREPORT "rochermankind@163.com"
| #define PACKAGE_URL ""
| #define PACKAGE "libprom-libpromhttp"
| #define VERSION "1.0.0"
| /* end confdefs.h.  */
| #include <ac_nonexistent.h>
configure:8294: result: gcc -E
configure:8314: gcc -E  conftest.c
configure:8314: $? = 0
configure:8328: gcc -E  conftest.c
conftest.c:11:10: fatal error: ac_nonexistent.h: No such file or directory
 #include <ac_nonexistent.h>
          ^~~~~~~~~~~~~~~~~~
compilation terminated.
configure:8328: $? = 1
configure: failed program was:
| /* confdefs.h */
| #define PACKAGE_NAME "libprom libpromhttp"
| #define PACKAGE_TARNAME "libprom-libpromhttp"
| #define PACKAGE_VERSION "1.0.0"
| #define PACKAGE_STRING "libprom libpromhttp 1.0.0"
| #define PACKAGE_BUGREPORT "rochermankind@163.com"
| #define PACKAGE_URL ""
| #define PACKAGE "libprom-libpromhttp"
| #define VERSION "1.0.0"
| /* end confdefs.h.  */
| #include <ac_nonexistent.h>
configure:8357: checking for ANSI C header files
configure:8377: gcc -c -g -O2  conftest.c >&5
configure:8377: $? = 0
configure:8450: gcc -o conftest -g -O2   conftest.c  >&5
configure:8450: $? = 0
configure:8450: ./conftest
configure:8450: $? = 0
configure:8461: result: yes
configure:8474: checking for sys/types.h
configure:8474: gcc -c -g -O2  conftest.c >&5
configure:8474: $? = 0
configure:8474: result: yes
configure:8474: checking for sys/stat.h
configure:8474: gcc -c -g -O2  conftest.c >&5
configure:8474: $? = 0
configure:8474: result: yes
configure:8474: checking for stdlib.h
configure:8474: gcc -c -g -O2  conftest.c >&5
configure:8474: $? = 0
configure:8474: result: yes
configure:8474: checking for string.h
configure:8474: gcc -c -g -O2  conftest.c >&5
configure:8474: $? = 0
configure:8474: result: yes
configure:8474: checking for memory.h
configure:8474: gcc -c -g -O2  conftest.c >&5
configure:8474: $? = 0
configure:8474: result: yes
configure:8474: checking for strings.h
configure:8474: gcc -c -g -O2  conftest.c >&5
configure:8474: $? = 0
configure:8474: result: yes
configure:8474: checking for inttypes.h
configure:8474: gcc -c -g -O2  conftest.c >&5
configure:8474: $? = 0
configure:8474: result: yes
configure:8474: checking for stdint.h
configure:8474: gcc -c -g -O2  conftest.c >&5
configure:8474: $? = 0
configure:8474: result: yes
configure:8474: checking for unistd.h
configure:8474: gcc -c -g -O2  conftest.c >&5
configure:8474: $? = 0
configure:8474: result: yes
configure:8488: checking for dlfcn.h
configure:8488: gcc -c -g -O2  conftest.c >&5
configure:8488: $? = 0
configure:8488: result: yes
configure:8755: checking for objdir
configure:8770: result: .libs
configure:9034: checking if gcc supports -fno-rtti -fno-exceptions
configure:9052: gcc -c -g -O2  -fno-rtti -fno-exceptions conftest.c >&5
cc1: warning: command line option '-fno-rtti' is valid for C++/ObjC++ but not for C
configure:9056: $? = 0
configure:9069: result: no
configure:9427: checking for gcc option to produce PIC
configure:9434: result: -fPIC -DPIC
configure:9442: checking if gcc PIC flag -fPIC -DPIC works
configure:9460: gcc -c -g -O2  -fPIC -DPIC -DPIC conftest.c >&5
configure:9464: $? = 0
configure:9477: result: yes
configure:9506: checking if gcc static flag -static works
configure:9534: result: yes
configure:9549: checking if gcc supports -c -o file.o
configure:9570: gcc -c -g -O2  -o out/conftest2.o conftest.c >&5
configure:9574: $? = 0
configure:9596: result: yes
configure:9604: checking if gcc supports -c -o file.o
configure:9651: result: yes
configure:9684: checking whether the gcc linker (/usr/bin/ld -m elf_x86_64) supports shared libraries
configure:10947: result: yes
configure:10984: checking whether -lc should be explicitly linked in
configure:10992: gcc -c -g -O2  conftest.c >&5
configure:10995: $? = 0
configure:11010: gcc -shared  -fPIC -DPIC conftest.o  -v -Wl,-soname -Wl,conftest -o conftest 2\>\&1 \| /bin/grep  -lc  \>/dev/null 2\>\&1
configure:11013: $? = 0
configure:11027: result: no
configure:11187: checking dynamic linker characteristics
configure:11768: gcc -o conftest -g -O2   -Wl,-rpath -Wl,/foo conftest.c  >&5
configure:11768: $? = 0
configure:12017: result: GNU/Linux ld.so
configure:12139: checking how to hardcode library paths into programs
configure:12164: result: immediate
configure:12712: checking whether stripping libraries is possible
configure:12717: result: yes
configure:12752: checking if libtool supports shared libraries
configure:12754: result: yes
configure:12757: checking whether to build shared libraries
configure:12782: result: yes
configure:12785: checking whether to build static libraries
configure:12789: result: yes
configure:12812: checking how to run the C++ preprocessor
configure:12839: g++ -E  conftest.cpp
configure:12839: $? = 0
configure:12853: g++ -E  conftest.cpp
conftest.cpp:23:10: fatal error: ac_nonexistent.h: No such file or directory
 #include <ac_nonexistent.h>
          ^~~~~~~~~~~~~~~~~~
compilation terminated.
configure:12853: $? = 1
configure: failed program was:
| /* confdefs.h */
| #define PACKAGE_NAME "libprom libpromhttp"
| #define PACKAGE_TARNAME "libprom-libpromhttp"
| #define PACKAGE_VERSION "1.0.0"
| #define PACKAGE_STRING "libprom libpromhttp 1.0.0"
| #define PACKAGE_BUGREPORT "rochermankind@163.com"
| #define PACKAGE_URL ""
| #define PACKAGE "libprom-libpromhttp"
| #define VERSION "1.0.0"
| #define STDC_HEADERS 1
| #define HAVE_SYS_TYPES_H 1
| #define HAVE_SYS_STAT_H 1
| #define HAVE_STDLIB_H 1
| #define HAVE_STRING_H 1
| #define HAVE_MEMORY_H 1
| #define HAVE_STRINGS_H 1
| #define HAVE_INTTYPES_H 1
| #define HAVE_STDINT_H 1
| #define HAVE_UNISTD_H 1
| #define HAVE_DLFCN_H 1
| #define LT_OBJDIR ".libs/"
| /* end confdefs.h.  */
| #include <ac_nonexistent.h>
configure:12878: result: g++ -E
configure:12898: g++ -E  conftest.cpp
configure:12898: $? = 0
configure:12912: g++ -E  conftest.cpp
conftest.cpp:23:10: fatal error: ac_nonexistent.h: No such file or directory
 #include <ac_nonexistent.h>
          ^~~~~~~~~~~~~~~~~~
compilation terminated.
configure:12912: $? = 1
configure: failed program was:
| /* confdefs.h */
| #define PACKAGE_NAME "libprom libpromhttp"
| #define PACKAGE_TARNAME "libprom-libpromhttp"
| #define PACKAGE_VERSION "1.0.0"
| #define PACKAGE_STRING "libprom libpromhttp 1.0.0"
| #define PACKAGE_BUGREPORT "rochermankind@163.com"
| #define PACKAGE_URL ""
| #define PACKAGE "libprom-libpromhttp"
| #define VERSION "1.0.0"
| #define STDC_HEADERS 1
| #define HAVE_SYS_TYPES_H 1
| #define HAVE_SYS_STAT_H 1
| #define HAVE_STDLIB_H 1
| #define HAVE_STRING_H 1
| #define HAVE_MEMORY_H 1
| #define HAVE_STRINGS_H 1
| #define HAVE_INTTYPES_H 1
| #define HAVE_STDINT_H 1
| #define HAVE_UNISTD_H 1
| #define HAVE_DLFCN_H 1
| #define LT_OBJDIR ".libs/"
| /* end confdefs.h.  */
| #include <ac_nonexistent.h>
configure:13074: checking for ld used by g++
configure:13141: result: /usr/bin/ld -m elf_x86_64
configure:13148: checking if the linker (/usr/bin/ld -m elf_x86_64) is GNU ld
configure:13163: result: yes
configure:13218: checking whether the g++ linker (/usr/bin/ld -m elf_x86_64) supports shared libraries
configure:14291: result: yes
configure:14327: g++ -c -g -O2  conftest.cpp >&5
configure:14330: $? = 0
configure:14811: checking for g++ option to produce PIC
configure:14818: result: -fPIC -DPIC
configure:14826: checking if g++ PIC flag -fPIC -DPIC works
configure:14844: g++ -c -g -O2  -fPIC -DPIC -DPIC conftest.cpp >&5
configure:14848: $? = 0
configure:14861: result: yes
configure:14884: checking if g++ static flag -static works
configure:14912: result: yes
configure:14924: checking if g++ supports -c -o file.o
configure:14945: g++ -c -g -O2  -o out/conftest2.o conftest.cpp >&5
configure:14949: $? = 0
configure:14971: result: yes
configure:14976: checking if g++ supports -c -o file.o
configure:15023: result: yes
configure:15053: checking whether the g++ linker (/usr/bin/ld -m elf_x86_64) supports shared libraries
configure:15096: result: yes
configure:15237: checking dynamic linker characteristics
configure:15994: result: GNU/Linux ld.so
configure:16059: checking how to hardcode library paths into programs
configure:16084: result: immediate
configure:16150: checking fcntl.h usability
configure:16150: gcc -c -g -O2  conftest.c >&5
configure:16150: $? = 0
configure:16150: result: yes
configure:16150: checking fcntl.h presence
configure:16150: gcc -E  conftest.c
configure:16150: $? = 0
configure:16150: result: yes
configure:16150: checking for fcntl.h
configure:16150: result: yes
configure:16150: checking limits.h usability
configure:16150: gcc -c -g -O2  conftest.c >&5
configure:16150: $? = 0
configure:16150: result: yes
configure:16150: checking limits.h presence
configure:16150: gcc -E  conftest.c
configure:16150: $? = 0
configure:16150: result: yes
configure:16150: checking for limits.h
configure:16150: result: yes
configure:16150: checking stddef.h usability
configure:16150: gcc -c -g -O2  conftest.c >&5
configure:16150: $? = 0
configure:16150: result: yes
configure:16150: checking stddef.h presence
configure:16150: gcc -E  conftest.c
configure:16150: $? = 0
configure:16150: result: yes
configure:16150: checking for stddef.h
configure:16150: result: yes
configure:16150: checking for stdint.h
configure:16150: result: yes
configure:16150: checking for stdlib.h
configure:16150: result: yes
configure:16150: checking for string.h
configure:16150: result: yes
configure:16150: checking sys/time.h usability
configure:16150: gcc -c -g -O2  conftest.c >&5
configure:16150: $? = 0
configure:16150: result: yes
configure:16150: checking sys/time.h presence
configure:16150: gcc -E  conftest.c
configure:16150: $? = 0
configure:16150: result: yes
configure:16150: checking for sys/time.h
configure:16150: result: yes
configure:16150: checking for unistd.h
configure:16150: result: yes
configure:16162: checking for stdbool.h that conforms to C99
configure:16229: gcc -c -g -O2  conftest.c >&5
configure:16229: $? = 0
configure:16236: result: yes
configure:16238: checking for _Bool
configure:16238: gcc -c -g -O2  conftest.c >&5
configure:16238: $? = 0
configure:16238: gcc -c -g -O2  conftest.c >&5
conftest.c: In function 'main':
conftest.c:67:20: error: expected expression before ')' token
 if (sizeof ((_Bool)))
                    ^
configure:16238: $? = 1
configure: failed program was:
| /* confdefs.h */
| #define PACKAGE_NAME "libprom libpromhttp"
| #define PACKAGE_TARNAME "libprom-libpromhttp"
| #define PACKAGE_VERSION "1.0.0"
| #define PACKAGE_STRING "libprom libpromhttp 1.0.0"
| #define PACKAGE_BUGREPORT "rochermankind@163.com"
| #define PACKAGE_URL ""
| #define PACKAGE "libprom-libpromhttp"
| #define VERSION "1.0.0"
| #define STDC_HEADERS 1
| #define HAVE_SYS_TYPES_H 1
| #define HAVE_SYS_STAT_H 1
| #define HAVE_STDLIB_H 1
| #define HAVE_STRING_H 1
| #define HAVE_MEMORY_H 1
| #define HAVE_STRINGS_H 1
| #define HAVE_INTTYPES_H 1
| #define HAVE_STDINT_H 1
| #define HAVE_UNISTD_H 1
| #define HAVE_DLFCN_H 1
| #define LT_OBJDIR ".libs/"
| #define HAVE_FCNTL_H 1
| #define HAVE_LIMITS_H 1
| #define HAVE_STDDEF_H 1
| #define HAVE_STDINT_H 1
| #define HAVE_STDLIB_H 1
| #define HAVE_STRING_H 1
| #define HAVE_SYS_TIME_H 1
| #define HAVE_UNISTD_H 1
| /* end confdefs.h.  */
| #include <stdio.h>
| #ifdef HAVE_SYS_TYPES_H
| # include <sys/types.h>
| #endif
| #ifdef HAVE_SYS_STAT_H
| # include <sys/stat.h>
| #endif
| #ifdef STDC_HEADERS
| # include <stdlib.h>
| # include <stddef.h>
| #else
| # ifdef HAVE_STDLIB_H
| #  include <stdlib.h>
| # endif
| #endif
| #ifdef HAVE_STRING_H
| # if !defined STDC_HEADERS && defined HAVE_MEMORY_H
| #  include <memory.h>
| # endif
| # include <string.h>
| #endif
| #ifdef HAVE_STRINGS_H
| # include <strings.h>
| #endif
| #ifdef HAVE_INTTYPES_H
| # include <inttypes.h>
| #endif
| #ifdef HAVE_STDINT_H
| # include <stdint.h>
| #endif
| #ifdef HAVE_UNISTD_H
| # include <unistd.h>
| #endif
| int
| main ()
| {
| if (sizeof ((_Bool)))
| 	    return 0;
|   ;
|   return 0;
| }
configure:16238: result: yes
configure:16249: checking for pid_t
configure:16249: gcc -c -g -O2  conftest.c >&5
configure:16249: $? = 0
configure:16249: gcc -c -g -O2  conftest.c >&5
conftest.c: In function 'main':
conftest.c:68:20: error: expected expression before ')' token
 if (sizeof ((pid_t)))
                    ^
configure:16249: $? = 1
configure: failed program was:
| /* confdefs.h */
| #define PACKAGE_NAME "libprom libpromhttp"
| #define PACKAGE_TARNAME "libprom-libpromhttp"
| #define PACKAGE_VERSION "1.0.0"
| #define PACKAGE_STRING "libprom libpromhttp 1.0.0"
| #define PACKAGE_BUGREPORT "rochermankind@163.com"
| #define PACKAGE_URL ""
| #define PACKAGE "libprom-libpromhttp"
| #define VERSION "1.0.0"
| #define STDC_HEADERS 1
| #define HAVE_SYS_TYPES_H 1
| #define HAVE_SYS_STAT_H 1
| #define HAVE_STDLIB_H 1
| #define HAVE_STRING_H 1
| #define HAVE_MEMORY_H 1
| #define HAVE_STRINGS_H 1
| #define HAVE_INTTYPES_H 1
| #define HAVE_STDINT_H 1
| #define HAVE_UNISTD_H 1
| #define HAVE_DLFCN_H 1
| #define LT_OBJDIR ".libs/"
| #define HAVE_FCNTL_H 1
| #define HAVE_LIMITS_H 1
| #define HAVE_STDDEF_H 1
| #define HAVE_STDINT_H 1
| #define HAVE_STDLIB_H 1
| #define HAVE_STRING_H 1
| #define HAVE_SYS_TIME_H 1
| #define HAVE_UNISTD_H 1
| #define HAVE__BOOL 1
| /* end confdefs.h.  */
| #include <stdio.h>
| #ifdef HAVE_SYS_TYPES_H
| # include <sys/types.h>
| #endif
| #ifdef HAVE_SYS_STAT_H
| # include <sys/stat.h>
| #endif
| #ifdef STDC_HEADERS
| # include <stdlib.h>
| # include <stddef.h>
| #else
| # ifdef HAVE_STDLIB_H
| #  include <stdlib.h>
| # endif
| #endif
| #ifdef HAVE_STRING_H
| # if !defined STDC_HEADERS && defined HAVE_MEMORY_H
| #  include <memory.h>
| # endif
| # include <string.h>
| #endif
| #ifdef HAVE_STRINGS_H
| # include <strings.h>
| #endif
| #ifdef HAVE_INTTYPES_H
| # include <inttypes.h>
| #endif
| #ifdef HAVE_STDINT_H
| # include <stdint.h>
| #endif
| #ifdef HAVE_UNISTD_H
| # include <unistd.h>
| #endif
| int
| main ()
| {
| if (sizeof ((pid_t)))
| 	    return 0;
|   ;
|   return 0;
| }
configure:16249: result: yes
configure:16260: checking for size_t
configure:16260: gcc -c -g -O2  conftest.c >&5
configure:16260: $? = 0
configure:16260: gcc -c -g -O2  conftest.c >&5
conftest.c: In function 'main':
conftest.c:68:21: error: expected expression before ')' token
 if (sizeof ((size_t)))
                     ^
configure:16260: $? = 1
configure: failed program was:
| /* confdefs.h */
| #define PACKAGE_NAME "libprom libpromhttp"
| #define PACKAGE_TARNAME "libprom-libpromhttp"
| #define PACKAGE_VERSION "1.0.0"
| #define PACKAGE_STRING "libprom libpromhttp 1.0.0"
| #define PACKAGE_BUGREPORT "rochermankind@163.com"
| #define PACKAGE_URL ""
| #define PACKAGE "libprom-libpromhttp"
| #define VERSION "1.0.0"
| #define STDC_HEADERS 1
| #define HAVE_SYS_TYPES_H 1
| #define HAVE_SYS_STAT_H 1
| #define HAVE_STDLIB_H 1
| #define HAVE_STRING_H 1
| #define HAVE_MEMORY_H 1
| #define HAVE_STRINGS_H 1
| #define HAVE_INTTYPES_H 1
| #define HAVE_STDINT_H 1
| #define HAVE_UNISTD_H 1
| #define HAVE_DLFCN_H 1
| #define LT_OBJDIR ".libs/"
| #define HAVE_FCNTL_H 1
| #define HAVE_LIMITS_H 1
| #define HAVE_STDDEF_H 1
| #define HAVE_STDINT_H 1
| #define HAVE_STDLIB_H 1
| #define HAVE_STRING_H 1
| #define HAVE_SYS_TIME_H 1
| #define HAVE_UNISTD_H 1
| #define HAVE__BOOL 1
| /* end confdefs.h.  */
| #include <stdio.h>
| #ifdef HAVE_SYS_TYPES_H
| # include <sys/types.h>
| #endif
| #ifdef HAVE_SYS_STAT_H
| # include <sys/stat.h>
| #endif
| #ifdef STDC_HEADERS
| # include <stdlib.h>
| # include <stddef.h>
| #else
| # ifdef HAVE_STDLIB_H
| #  include <stdlib.h>
| # endif
| #endif
| #ifdef HAVE_STRING_H
| # if !defined STDC_HEADERS && defined HAVE_MEMORY_H
| #  include <memory.h>
| # endif
| # include <string.h>
| #endif
| #ifdef HAVE_STRINGS_H
| # include <strings.h>
| #endif
| #ifdef HAVE_INTTYPES_H
| # include <inttypes.h>
| #endif
| #ifdef HAVE_STDINT_H
| # include <stdint.h>
| #endif
| #ifdef HAVE_UNISTD_H
| # include <unistd.h>
| #endif
| int
| main ()
| {
| if (sizeof ((size_t)))
| 	    return 0;
|   ;
|   return 0;
| }
configure:16260: result: yes
configure:16271: checking for ssize_t
configure:16271: gcc -c -g -O2  conftest.c >&5
configure:16271: $? = 0
configure:16271: gcc -c -g -O2  conftest.c >&5
conftest.c: In function 'main':
conftest.c:68:22: error: expected expression before ')' token
 if (sizeof ((ssize_t)))
                      ^
configure:16271: $? = 1
configure: failed program was:
| /* confdefs.h */
| #define PACKAGE_NAME "libprom libpromhttp"
| #define PACKAGE_TARNAME "libprom-libpromhttp"
| #define PACKAGE_VERSION "1.0.0"
| #define PACKAGE_STRING "libprom libpromhttp 1.0.0"
| #define PACKAGE_BUGREPORT "rochermankind@163.com"
| #define PACKAGE_URL ""
| #define PACKAGE "libprom-libpromhttp"
| #define VERSION "1.0.0"
| #define STDC_HEADERS 1
| #define HAVE_SYS_TYPES_H 1
| #define HAVE_SYS_STAT_H 1
| #define HAVE_STDLIB_H 1
| #define HAVE_STRING_H 1
| #define HAVE_MEMORY_H 1
| #define HAVE_STRINGS_H 1
| #define HAVE_INTTYPES_H 1
| #define HAVE_STDINT_H 1
| #define HAVE_UNISTD_H 1
| #define HAVE_DLFCN_H 1
| #define LT_OBJDIR ".libs/"
| #define HAVE_FCNTL_H 1
| #define HAVE_LIMITS_H 1
| #define HAVE_STDDEF_H 1
| #define HAVE_STDINT_H 1
| #define HAVE_STDLIB_H 1
| #define HAVE_STRING_H 1
| #define HAVE_SYS_TIME_H 1
| #define HAVE_UNISTD_H 1
| #define HAVE__BOOL 1
| /* end confdefs.h.  */
| #include <stdio.h>
| #ifdef HAVE_SYS_TYPES_H
| # include <sys/types.h>
| #endif
| #ifdef HAVE_SYS_STAT_H
| # include <sys/stat.h>
| #endif
| #ifdef STDC_HEADERS
| # include <stdlib.h>
| # include <stddef.h>
| #else
| # ifdef HAVE_STDLIB_H
| #  include <stdlib.h>
| # endif
| #endif
| #ifdef HAVE_STRING_H
| # if !defined STDC_HEADERS && defined HAVE_MEMORY_H
| #  include <memory.h>
| # endif
| # include <string.h>
| #endif
| #ifdef HAVE_STRINGS_H
| # include <strings.h>
| #endif
| #ifdef HAVE_INTTYPES_H
| # include <inttypes.h>
| #endif
| #ifdef HAVE_STDINT_H
| # include <stdint.h>
| #endif
| #ifdef HAVE_UNISTD_H
| # include <unistd.h>
| #endif
| int
| main ()
| {
| if (sizeof ((ssize_t)))
| 	    return 0;
|   ;
|   return 0;
| }
configure:16271: result: yes
configure:16282: checking for uint32_t
configure:16282: gcc -c -g -O2  conftest.c >&5
configure:16282: $? = 0
configure:16282: result: yes
configure:16296: checking for uint64_t
configure:16296: gcc -c -g -O2  conftest.c >&5
configure:16296: $? = 0
configure:16296: result: yes
configure:16314: checking for stdlib.h
configure:16314: result: yes
configure:16324: checking for GNU libc compatible malloc
configure:16348: gcc -o conftest -g -O2   conftest.c  >&5
configure:16348: $? = 0
configure:16348: ./conftest
configure:16348: $? = 0
configure:16358: result: yes
configure:16381: checking for stdlib.h
configure:16381: result: yes
configure:16391: checking for GNU libc compatible realloc
configure:16415: gcc -o conftest -g -O2   conftest.c  >&5
configure:16415: $? = 0
configure:16415: ./conftest
configure:16415: $? = 0
configure:16425: result: yes
configure:16446: checking for working strtod
configure:16487: gcc -o conftest -g -O2   conftest.c  >&5
configure:16487: $? = 0
configure:16487: ./conftest
configure:16487: $? = 0
configure:16497: result: yes
configure:16562: checking for clock_gettime
configure:16562: gcc -o conftest -g -O2   conftest.c  >&5
configure:16562: $? = 0
configure:16562: result: yes
configure:16562: checking for memmove
configure:16562: gcc -o conftest -g -O2   conftest.c  >&5
conftest.c:60:6: warning: conflicting types for built-in function 'memmove' [-Wbuiltin-declaration-mismatch]
 char memmove ();
      ^~~~~~~
configure:16562: $? = 0
configure:16562: result: yes
configure:16562: checking for memset
configure:16562: gcc -o conftest -g -O2   conftest.c  >&5
conftest.c:61:6: warning: conflicting types for built-in function 'memset' [-Wbuiltin-declaration-mismatch]
 char memset ();
      ^~~~~~
configure:16562: $? = 0
configure:16562: result: yes
configure:16562: checking for putenv
configure:16562: gcc -o conftest -g -O2   conftest.c  >&5
configure:16562: $? = 0
configure:16562: result: yes
configure:16562: checking for regcomp
configure:16562: gcc -o conftest -g -O2   conftest.c  >&5
configure:16562: $? = 0
configure:16562: result: yes
configure:16562: checking for strchr
configure:16562: gcc -o conftest -g -O2   conftest.c  >&5
conftest.c:64:6: warning: conflicting types for built-in function 'strchr' [-Wbuiltin-declaration-mismatch]
 char strchr ();
      ^~~~~~
configure:16562: $? = 0
configure:16562: result: yes
configure:16562: checking for strdup
configure:16562: gcc -o conftest -g -O2   conftest.c  >&5
conftest.c:65:6: warning: conflicting types for built-in function 'strdup' [-Wbuiltin-declaration-mismatch]
 char strdup ();
      ^~~~~~
configure:16562: $? = 0
configure:16562: result: yes
configure:16562: checking for strstr
configure:16562: gcc -o conftest -g -O2   conftest.c  >&5
conftest.c:66:6: warning: conflicting types for built-in function 'strstr' [-Wbuiltin-declaration-mismatch]
 char strstr ();
      ^~~~~~
configure:16562: $? = 0
configure:16562: result: yes
configure:16562: checking for strtoul
configure:16562: gcc -o conftest -g -O2   conftest.c  >&5
configure:16562: $? = 0
configure:16562: result: yes
configure:16562: checking for sysinfo
configure:16562: gcc -o conftest -g -O2   conftest.c  >&5
configure:16562: $? = 0
configure:16562: result: yes
configure:16683: checking that generated files are newer than configure
configure:16689: result: done
configure:16716: creating ./config.status

## ---------------- ##
## Cache variables. ##
## ---------------- ##

ac_cv_build=x86_64-pc-linux-gnu
ac_cv_c_compiler_gnu=yes
ac_cv_c_uint32_t=yes
ac_cv_c_uint64_t=yes
ac_cv_cxx_compiler_gnu=yes
ac_cv_env_CCC_set=
ac_cv_env_CCC_value=
ac_cv_env_CC_set=
ac_cv_env_CC_value=
ac_cv_env_CFLAGS_set=
ac_cv_env_CFLAGS_value=
ac_cv_env_CPPFLAGS_set=
ac_cv_env_CPPFLAGS_value=
ac_cv_env_CPP_set=
ac_cv_env_CPP_value=
ac_cv_env_CXXCPP_set=
ac_cv_env_CXXCPP_value=
ac_cv_env_CXXFLAGS_set=
ac_cv_env_CXXFLAGS_value=
ac_cv_env_CXX_set=
ac_cv_env_CXX_value=
ac_cv_env_LDFLAGS_set=
ac_cv_env_LDFLAGS_value=
ac_cv_env_LIBS_set=
ac_cv_env_LIBS_value=
ac_cv_env_LT_SYS_LIBRARY_PATH_set=
ac_cv_env_LT_SYS_LIBRARY_PATH_value=
ac_cv_env_build_alias_set=
ac_cv_env_build_alias_value=
ac_cv_env_host_alias_set=
ac_cv_env_host_alias_value=
ac_cv_env_target_alias_set=
ac_cv_env_target_alias_value=
ac_cv_func_clock_gettime=yes
ac_cv_func_malloc_0_nonnull=yes
ac_cv_func_memmove=yes
ac_cv_func_memset=yes
ac_cv_func_putenv=yes
ac_cv_func_realloc_0_nonnull=yes
ac_cv_func_regcomp=yes
ac_cv_func_strchr=yes
ac_cv_func_strdup=yes
ac_cv_func_strstr=yes
ac_cv_func_strtod=yes
ac_cv_func_strtoul=yes
ac_cv_func_sysinfo=yes
ac_cv_header_dlfcn_h=yes
ac_cv_header_fcntl_h=yes
ac_cv_header_inttypes_h=yes
ac_cv_header_limits_h=yes
ac_cv_header_memory_h=yes
ac_cv_header_stdbool_h=yes
ac_cv_header_stdc=yes
ac_cv_header_stddef_h=yes
ac_cv_header_stdint_h=yes
ac_cv_header_stdlib_h=yes
ac_cv_header_string_h=yes
ac_cv_header_strings_h=yes
ac_cv_header_sys_stat_h=yes
ac_cv_header_sys_time_h=yes
ac_cv_header_sys_types_h=yes
ac_cv_header_unistd_h=yes
ac_cv_host=x86_64-pc-linux-gnu
ac_cv_objext=o
ac_cv_path_EGREP='/bin/grep -E'
ac_cv_path_FGREP='/bin/grep -F'
ac_cv_path_GREP=/bin/grep
ac_cv_path_SED=/bin/sed
ac_cv_path_install='/usr/bin/install -c'
ac_cv_path_lt_DD=/bin/dd
ac_cv_path_mkdir=/bin/mkdir
ac_cv_prog_AWK=mawk
ac_cv_prog_CPP='gcc -E'
ac_cv_prog_CXXCPP='g++ -E'
ac_cv_prog_ac_ct_AR=ar
ac_cv_prog_ac_ct_CC=gcc
ac_cv_prog_ac_ct_CXX=g++
ac_cv_prog_ac_ct_MANIFEST_TOOL=mt
ac_cv_prog_ac_ct_OBJDUMP=objdump
ac_cv_prog_ac_ct_RANLIB=ranlib
ac_cv_prog_ac_ct_STRIP=strip
ac_cv_prog_cc_c89=
ac_cv_prog_cc_g=yes
ac_cv_prog_cxx_g=yes
ac_cv_prog_make_make_set=yes
ac_cv_type__Bool=yes
ac_cv_type_pid_t=yes
ac_cv_type_size_t=yes
ac_cv_type_ssize_t=yes
am_cv_CC_dependencies_compiler_type=gcc3
am_cv_CXX_dependencies_compiler_type=gcc3
am_cv_ar_interface=ar
am_cv_make_support_nested_variables=yes
am_cv_prog_cc_c_o=yes
lt_cv_ar_at_file=@
lt_cv_archive_cmds_need_lc=no
lt_cv_deplibs_check_method=pass_all
lt_cv_file_magic_cmd='$MAGIC_CMD'
lt_cv_file_magic_test_file=
lt_cv_ld_reload_flag=-r
lt_cv_nm_interface='BSD nm'
lt_cv_objdir=.libs
lt_cv_path_LD=/usr/bin/ld
lt_cv_path_LDCXX='/usr/bin/ld -m elf_x86_64'
lt_cv_path_NM='/usr/bin/nm -B'
lt_cv_path_mainfest_tool=no
lt_cv_prog_compiler_c_o=yes
lt_cv_prog_compiler_c_o_CXX=yes
lt_cv_prog_compiler_pic='-fPIC -DPIC'
lt_cv_prog_compiler_pic_CXX='-fPIC -DPIC'
lt_cv_prog_compiler_pic_works=yes
lt_cv_prog_compiler_pic_works_CXX=yes
lt_cv_prog_compiler_rtti_exceptions=no
lt_cv_prog_compiler_static_works=yes
lt_cv_prog_compiler_static_works_CXX=yes
lt_cv_prog_gnu_ld=yes
lt_cv_prog_gnu_ldcxx=yes
lt_cv_sharedlib_from_linklib_cmd='printf %s\n'
lt_cv_shlibpath_overrides_runpath=yes
lt_cv_sys_global_symbol_pipe='sed -n -e '\''s/^.*[	 ]\([ABCDGIRSTW][ABCDGIRSTW]*\)[	 ][	 ]*\([_A-Za-z][_A-Za-z0-9]*\)$/\1 \2 \2/p'\'' | sed '\''/ __gnu_lto/d'\'''
lt_cv_sys_global_symbol_to_c_name_address='sed -n -e '\''s/^: \(.*\) .*$/  {"\1", (void *) 0},/p'\'' -e '\''s/^[ABCDGIRSTW][ABCDGIRSTW]* .* \(.*\)$/  {"\1", (void *) \&\1},/p'\'''
lt_cv_sys_global_symbol_to_c_name_address_lib_prefix='sed -n -e '\''s/^: \(.*\) .*$/  {"\1", (void *) 0},/p'\'' -e '\''s/^[ABCDGIRSTW][ABCDGIRSTW]* .* \(lib.*\)$/  {"\1", (void *) \&\1},/p'\'' -e '\''s/^[ABCDGIRSTW][ABCDGIRSTW]* .* \(.*\)$/  {"lib\1", (void *) \&\1},/p'\'''
lt_cv_sys_global_symbol_to_cdecl='sed -n -e '\''s/^T .* \(.*\)$/extern int \1();/p'\'' -e '\''s/^[ABCDGIRSTW][ABCDGIRSTW]* .* \(.*\)$/extern char \1;/p'\'''
lt_cv_sys_global_symbol_to_import=
lt_cv_sys_max_cmd_len=1572864
lt_cv_to_host_file_cmd=func_convert_file_noop
lt_cv_to_tool_file_cmd=func_convert_file_noop
lt_cv_truncate_bin='/bin/dd bs=4096 count=1'

## ----------------- ##
## Output variables. ##
## ----------------- ##

ACLOCAL='${SHELL} /home/genew/libprom_client_c/missing aclocal-1.15'
AMDEPBACKSLASH='\'
AMDEP_FALSE='#'
AMDEP_TRUE=''
AMTAR='$${TAR-tar}'
AM_BACKSLASH='\'
AM_DEFAULT_V='$(AM_DEFAULT_VERBOSITY)'
AM_DEFAULT_VERBOSITY='1'
AM_V='$(V)'
AR='ar'
AUTOCONF='${SHELL} /home/genew/libprom_client_c/missing autoconf'
AUTOHEADER='${SHELL} /home/genew/libprom_client_c/missing autoheader'
AUTOMAKE='${SHELL} /home/genew/libprom_client_c/missing automake-1.15'
AWK='mawk'
CC='gcc'
CCDEPMODE='depmode=gcc3'
CFLAGS='-g -O2'
CPP='gcc -E'
CPPFLAGS=''
CXX='g++'
CXXCPP='g++ -E'
CXXDEPMODE='depmode=gcc3'
CXXFLAGS='-g -O2'
CYGPATH_W='echo'
DEFS='-DHAVE_CONFIG_H'
DEPDIR='.deps'
DLLTOOL='false'
DSYMUTIL=''
DUMPBIN=''
ECHO_C=''
ECHO_N='-n'
ECHO_T=''
EGREP='/bin/grep -E'
EXEEXT=''
FGREP='/bin/grep -F'
GREP='/bin/grep'
INSTALL_DATA='${INSTALL} -m 644'
INSTALL_PROGRAM='${INSTALL}'
INSTALL_SCRIPT='${INSTALL}'
INSTALL_STRIP_PROGRAM='$(install_sh) -c -s'
LD='/usr/bin/ld -m elf_x86_64'
LDFLAGS=''
LIBOBJS=''
LIBPROMHTTP_SO_VERSION='1:0:0'
LIBPROM_SO_VERSION='1:0:0'
LIBS=''
LIBTOOL='$(SHELL) $(top_builddir)/libtool'
LIPO=''
LN_S='ln -s'
LTLIBOBJS=''
LT_SYS_LIBRARY_PATH=''
MAKEINFO='${SHELL} /home/genew/libprom_client_c/missing makeinfo'
MANIFEST_TOOL=':'
MKDIR_P='/bin/mkdir -p'
NM='/usr/bin/nm -B'
NMEDIT=''
OBJDUMP='objdump'
OBJEXT='o'
OTOOL64=''
OTOOL=''
PACKAGE='libprom-libpromhttp'
PACKAGE_BUGREPORT='rochermankind@163.com'
PACKAGE_NAME='libprom libpromhttp'
PACKAGE_STRING='libprom libpromhttp 1.0.0'
PACKAGE_TARNAME='libprom-libpromhttp'
PACKAGE_URL=''
PACKAGE_VERSION='1.0.0'
PATH_SEPARATOR=':'
POW_LIB=''
RANLIB='ranlib'
SED='/bin/sed'
SET_MAKE=''
SHELL='/bin/bash'
STRIP='strip'
VERSION='1.0.0'
ac_ct_AR='ar'
ac_ct_CC='gcc'
ac_ct_CXX='g++'
ac_ct_DUMPBIN=''
am__EXEEXT_FALSE=''
am__EXEEXT_TRUE='#'
am__fastdepCC_FALSE='#'
am__fastdepCC_TRUE=''
am__fastdepCXX_FALSE='#'
am__fastdepCXX_TRUE=''
am__include='include'
am__isrc=''
am__leading_dot='.'
am__nodep='_no'
am__quote=''
am__tar='$${TAR-tar} chof - "$$tardir"'
am__untar='$${TAR-tar} xf -'
bindir='${exec_prefix}/bin'
build='x86_64-pc-linux-gnu'
build_alias=''
build_cpu='x86_64'
build_os='linux-gnu'
build_vendor='pc'
datadir='${datarootdir}'
datarootdir='${prefix}/share'
docdir='${datarootdir}/doc/${PACKAGE_TARNAME}'
dvidir='${docdir}'
exec_prefix='${prefix}'
host='x86_64-pc-linux-gnu'
host_alias=''
host_cpu='x86_64'
host_os='linux-gnu'
host_vendor='pc'
htmldir='${docdir}'
includedir='${prefix}/include'
infodir='${datarootdir}/info'
install_sh='${SHELL} /home/genew/libprom_client_c/install-sh'
libdir='${exec_prefix}/lib'
libexecdir='${exec_prefix}/libexec'
localedir='${datarootdir}/locale'
localstatedir='${prefix}/var'
mandir='${datarootdir}/man'
mkdir_p='$(MKDIR_P)'
oldincludedir='/usr/include'
pdfdir='${docdir}'
prefix='/home/genew/libprom_client_c/build'
program_transform_name='s,x,x,'
psdir='${docdir}'
runstatedir='${localstatedir}/run'
sbindir='${exec_prefix}/sbin'
sharedstatedir='${prefix}/com'
sysconfdir='${prefix}/etc'
target_alias=''

## ----------- ##
## confdefs.h. ##
## ----------- ##

/* confdefs.h */
#define PACKAGE_NAME "libprom libpromhttp"
#define PACKAGE_TARNAME "libprom-libpromhttp"
#define PACKAGE_VERSION "1.0.0"
#define PACKAGE_STRING "libprom libpromhttp 1.0.0"
#define PACKAGE_BUGREPORT "rochermankind@163.com"
#define PACKAGE_URL ""
#define PACKAGE "libprom-libpromhttp"
#define VERSION "1.0.0"
#define STDC_HEADERS 1
#define HAVE_SYS_TYPES_H 1
#define HAVE_SYS_STAT_H 1
#define HAVE_STDLIB_H 1
#define HAVE_STRING_H 1
#define HAVE_MEMORY_H 1
#define HAVE_STRINGS_H 1
#define HAVE_INTTYPES_H 1
#define HAVE_STDINT_H 1
#define HAVE_UNISTD_H 1
#define HAVE_DLFCN_H 1
#define LT_OBJDIR ".libs/"
#define HAVE_FCNTL_H 1
#define HAVE_LIMITS_H 1
#define HAVE_STDDEF_H 1
#define HAVE_STDINT_H 1
#define HAVE_STDLIB_H 1
#define HAVE_STRING_H 1
#define HAVE_SYS_TIME_H 1
#define HAVE_UNISTD_H 1
#define HAVE__BOOL 1
#define HAVE_STDLIB_H 1
#define HAVE_MALLOC 1
#define HAVE_STDLIB_H 1
#define HAVE_REALLOC 1
#define HAVE_CLOCK_GETTIME 1
#define HAVE_MEMMOVE 1
#define HAVE_MEMSET 1
#define HAVE_PUTENV 1
#define HAVE_REGCOMP 1
#define HAVE_STRCHR 1
#define HAVE_STRDUP 1
#define HAVE_STRSTR 1
#define HAVE_STRTOUL 1
#define HAVE_SYSINFO 1

configure: exit 0

## ---------------------- ##
## Running config.status. ##
## ---------------------- ##

This file was extended by libprom libpromhttp config.status 1.0.0, which was
generated by GNU Autoconf 2.69.  Invocation command line was

  CONFIG_FILES    = 
  CONFIG_HEADERS  = 
  CONFIG_LINKS    = 
  CONFIG_COMMANDS = 
  $ ./config.status 

on ubuntu

config.status:1175: creating Makefile
config.status:1175: creating prom/Makefile
config.status:1175: creating promhttp/Makefile
config.status:1175: creating config.h
config.status:1356: config.h is unchanged
config.status:1404: executing depfiles commands
config.status:1404: executing libtool commands

## ---------------------- ##
## Running config.status. ##
## ---------------------- ##

This file was extended by libprom libpromhttp config.status 1.0.0, which was
generated by GNU Autoconf 2.69.  Invocation command line was

  CONFIG_FILES    = 
  CONFIG_HEADERS  = 
  CONFIG_LINKS    = 
  CONFIG_COMMANDS = 
  $ ./config.status config.h

on ubuntu

config.status:1175: creating config.h
config.status:1356: config.h is unchanged
